<?xml version="1.0" encoding="UTF-8"?>
<testsuite name="As a user, I want to login on the izyacademy page" tests="1" skipped="0" failures="0" errors="0" timestamp="2023-12-13T18:00:25" hostname="LVALENCIA" time="59.504">
  <properties/>
  <testcase name="Login at izyacademy" classname="As a user, I want to login on the izyacademy page" time="59.504"/>
  <system-out><![CDATA[]]></system-out>
  <system-err><![CDATA[dic 13, 2023 1:00:26 PM org.openqa.selenium.remote.DesiredCapabilities firefox
INFORMACIÓN: Using `new FirefoxOptions()` is preferred to `DesiredCapabilities.firefox()`
dic 13, 2023 1:00:26 PM org.openqa.selenium.remote.DesiredCapabilities firefox
INFORMACIÓN: Using `new FirefoxOptions()` is preferred to `DesiredCapabilities.firefox()`
[Test worker] INFO net.serenitybdd.core.webdriver.driverproviders.ProvideNewDriver - Instantiating driver
[Test worker] INFO net.serenitybdd.core.webdriver.driverproviders.ProvideNewDriver - Driver capabilities: Capabilities {acceptInsecureCerts: true, browserName: firefox, firefox_profile: org.openqa.selenium.firefox..., headless: false, loggingPrefs: org.openqa.selenium.logging..., marionette: true, moz:firefoxOptions: {}, platform: ANY, version: }
1702490426910	geckodriver	INFO	Listening on 127.0.0.1:35070
1702490427500	mozrunner::runner	INFO	Running command: "C:\\Program Files\\Mozilla Firefox\\firefox.exe" "--marionette" "-no-remote" "-profile" "C:\\Users\\LVALEN~1\\AppData\\Local\\Temp\\rust_mozprofileaZrWGZ"
console.warn: services.settings: Ignoring preference override of remote settings server
console.warn: services.settings: Allow by setting MOZ_REMOTE_SETTINGS_DEVTOOLS=1 in the environment
1702490428206	Marionette	INFO	Marionette enabled
Dynamically enable window occlusion 0
1702490429057	Marionette	INFO	Listening on port 49408
Read port: 49408
1702490429311	RemoteAgent	WARN	TLS certificate errors will be ignored for this session
dic 13, 2023 1:00:30 PM org.openqa.selenium.remote.ProtocolHandshake createSession
INFORMACIÓN: Detected dialect: W3C
console.warn: LoginRecipes: "Falling back to a synchronous message for: http://izyacademy.com:8000."
1702490458269	addons.xpi	ERROR	System addon update list error SyntaxError: XMLHttpRequest.open: 'http://%(server)s/dummy-system-addons.xml' is not a valid URL.
1702490483558	Marionette	INFO	Stopped listening on port 49408
Dynamically enable window occlusion 1
[Test worker] INFO net.thucydides.core.steps.ConsoleLoggingListener - 
        __    _____ _____ ____ _____   ____   _    ____  ____  _____ ____  
  _     \ \  |_   _| ____/ ___|_   _| |  _ \ / \  / ___|/ ___|| ____|  _ \ 
 (_)_____| |   | | |  _| \___ \ | |   | |_) / _ \ \___ \\___ \|  _| | | | |
  _|_____| |   | | | |___ ___) || |   |  __/ ___ \ ___) |___) | |___| |_| |
 (_)     | |   |_| |_____|____/ |_|   |_| /_/   \_\____/|____/|_____|____/ 
        /_/                                                                

TEST PASSED: Login at izyacademy
----------------------------------------------------------------------------
]]></system-err>
</testsuite>
